<?xml version="1.0" encoding="UTF-8" standalone="yes"?><!DOCTYPE report PUBLIC "-//JACOCO//DTD Report 1.1//EN"
        "report.dtd">
<report name="refactoring">
    <sessioninfo id="ZBV-NB-e119f67" start="1652255129430" dump="1652255129637"/>
    <package name="">
        <class name="Movie" sourcefilename="Movie.java">
            <method name="&lt;init&gt;" desc="(Ljava/lang/String;I)V" line="7">
                <counter type="INSTRUCTION" missed="9" covered="0"/>
                <counter type="LINE" missed="4" covered="0"/>
                <counter type="COMPLEXITY" missed="1" covered="0"/>
                <counter type="METHOD" missed="1" covered="0"/>
            </method>
            <method name="getPriceCode" desc="()I" line="12">
                <counter type="INSTRUCTION" missed="3" covered="0"/>
                <counter type="LINE" missed="1" covered="0"/>
                <counter type="COMPLEXITY" missed="1" covered="0"/>
                <counter type="METHOD" missed="1" covered="0"/>
            </method>
            <method name="setPriceCode" desc="(I)V" line="15">
                <counter type="INSTRUCTION" missed="4" covered="0"/>
                <counter type="LINE" missed="2" covered="0"/>
                <counter type="COMPLEXITY" missed="1" covered="0"/>
                <counter type="METHOD" missed="1" covered="0"/>
            </method>
            <method name="getTitle" desc="()Ljava/lang/String;" line="18">
                <counter type="INSTRUCTION" missed="3" covered="0"/>
                <counter type="LINE" missed="1" covered="0"/>
                <counter type="COMPLEXITY" missed="1" covered="0"/>
                <counter type="METHOD" missed="1" covered="0"/>
            </method>
            <counter type="INSTRUCTION" missed="19" covered="0"/>
            <counter type="LINE" missed="8" covered="0"/>
            <counter type="COMPLEXITY" missed="4" covered="0"/>
            <counter type="METHOD" missed="4" covered="0"/>
            <counter type="CLASS" missed="1" covered="0"/>
        </class>
        <class name="Program" sourcefilename="Program.java">
            <method name="&lt;init&gt;" desc="()V" line="8">
                <counter type="INSTRUCTION" missed="3" covered="0"/>
                <counter type="LINE" missed="1" covered="0"/>
                <counter type="COMPLEXITY" missed="1" covered="0"/>
                <counter type="METHOD" missed="1" covered="0"/>
            </method>
            <method name="main" desc="([Ljava/lang/String;)V" line="18">
                <counter type="INSTRUCTION" missed="48" covered="0"/>
                <counter type="LINE" missed="11" covered="0"/>
                <counter type="COMPLEXITY" missed="1" covered="0"/>
                <counter type="METHOD" missed="1" covered="0"/>
            </method>
            <counter type="INSTRUCTION" missed="51" covered="0"/>
            <counter type="LINE" missed="12" covered="0"/>
            <counter type="COMPLEXITY" missed="2" covered="0"/>
            <counter type="METHOD" missed="2" covered="0"/>
            <counter type="CLASS" missed="1" covered="0"/>
        </class>
        <class name="Rental" sourcefilename="Rental.java">
            <method name="&lt;init&gt;" desc="(LMovie;I)V" line="4">
                <counter type="INSTRUCTION" missed="9" covered="0"/>
                <counter type="LINE" missed="4" covered="0"/>
                <counter type="COMPLEXITY" missed="1" covered="0"/>
                <counter type="METHOD" missed="1" covered="0"/>
            </method>
            <method name="getDaysRented" desc="()I" line="9">
                <counter type="INSTRUCTION" missed="3" covered="0"/>
                <counter type="LINE" missed="1" covered="0"/>
                <counter type="COMPLEXITY" missed="1" covered="0"/>
                <counter type="METHOD" missed="1" covered="0"/>
            </method>
            <method name="getMovie" desc="()LMovie;" line="12">
                <counter type="INSTRUCTION" missed="3" covered="0"/>
                <counter type="LINE" missed="1" covered="0"/>
                <counter type="COMPLEXITY" missed="1" covered="0"/>
                <counter type="METHOD" missed="1" covered="0"/>
            </method>
            <counter type="INSTRUCTION" missed="15" covered="0"/>
            <counter type="LINE" missed="6" covered="0"/>
            <counter type="COMPLEXITY" missed="3" covered="0"/>
            <counter type="METHOD" missed="3" covered="0"/>
            <counter type="CLASS" missed="1" covered="0"/>
        </class>
        <class name="Customer" sourcefilename="Customer.java">
            <method name="&lt;init&gt;" desc="(Ljava/lang/String;)V" line="6">
                <counter type="INSTRUCTION" missed="11" covered="0"/>
                <counter type="LINE" missed="4" covered="0"/>
                <counter type="COMPLEXITY" missed="1" covered="0"/>
                <counter type="METHOD" missed="1" covered="0"/>
            </method>
            <method name="addRental" desc="(LRental;)V" line="11">
                <counter type="INSTRUCTION" missed="5" covered="0"/>
                <counter type="LINE" missed="2" covered="0"/>
                <counter type="COMPLEXITY" missed="1" covered="0"/>
                <counter type="METHOD" missed="1" covered="0"/>
            </method>
            <method name="getName" desc="()Ljava/lang/String;" line="14">
                <counter type="INSTRUCTION" missed="3" covered="0"/>
                <counter type="LINE" missed="1" covered="0"/>
                <counter type="COMPLEXITY" missed="1" covered="0"/>
                <counter type="METHOD" missed="1" covered="0"/>
            </method>
            <method name="statement" desc="()Ljava/lang/String;" line="17">
                <counter type="INSTRUCTION" missed="113" covered="0"/>
                <counter type="BRANCH" missed="6" covered="0"/>
                <counter type="LINE" missed="18" covered="0"/>
                <counter type="COMPLEXITY" missed="4" covered="0"/>
                <counter type="METHOD" missed="1" covered="0"/>
            </method>
            <method name="amountFor" desc="(LRental;)D" line="44">
                <counter type="INSTRUCTION" missed="54" covered="0"/>
                <counter type="BRANCH" missed="8" covered="0"/>
                <counter type="LINE" missed="11" covered="0"/>
                <counter type="COMPLEXITY" missed="6" covered="0"/>
                <counter type="METHOD" missed="1" covered="0"/>
            </method>
            <counter type="INSTRUCTION" missed="186" covered="0"/>
            <counter type="BRANCH" missed="14" covered="0"/>
            <counter type="LINE" missed="36" covered="0"/>
            <counter type="COMPLEXITY" missed="13" covered="0"/>
            <counter type="METHOD" missed="5" covered="0"/>
            <counter type="CLASS" missed="1" covered="0"/>
        </class>
        <sourcefile name="Movie.java">
            <line nr="7" mi="2" ci="0" mb="0" cb="0"/>
            <line nr="8" mi="3" ci="0" mb="0" cb="0"/>
            <line nr="9" mi="3" ci="0" mb="0" cb="0"/>
            <line nr="10" mi="1" ci="0" mb="0" cb="0"/>
            <line nr="12" mi="3" ci="0" mb="0" cb="0"/>
            <line nr="15" mi="3" ci="0" mb="0" cb="0"/>
            <line nr="16" mi="1" ci="0" mb="0" cb="0"/>
            <line nr="18" mi="3" ci="0" mb="0" cb="0"/>
            <counter type="INSTRUCTION" missed="19" covered="0"/>
            <counter type="LINE" missed="8" covered="0"/>
            <counter type="COMPLEXITY" missed="4" covered="0"/>
            <counter type="METHOD" missed="4" covered="0"/>
            <counter type="CLASS" missed="1" covered="0"/>
        </sourcefile>
        <sourcefile name="Rental.java">
            <line nr="4" mi="2" ci="0" mb="0" cb="0"/>
            <line nr="5" mi="3" ci="0" mb="0" cb="0"/>
            <line nr="6" mi="3" ci="0" mb="0" cb="0"/>
            <line nr="7" mi="1" ci="0" mb="0" cb="0"/>
            <line nr="9" mi="3" ci="0" mb="0" cb="0"/>
            <line nr="12" mi="3" ci="0" mb="0" cb="0"/>
            <counter type="INSTRUCTION" missed="15" covered="0"/>
            <counter type="LINE" missed="6" covered="0"/>
            <counter type="COMPLEXITY" missed="3" covered="0"/>
            <counter type="METHOD" missed="3" covered="0"/>
            <counter type="CLASS" missed="1" covered="0"/>
        </sourcefile>
        <sourcefile name="Customer.java">
            <line nr="6" mi="5" ci="0" mb="0" cb="0"/>
            <line nr="7" mi="2" ci="0" mb="0" cb="0"/>
            <line nr="8" mi="3" ci="0" mb="0" cb="0"/>
            <line nr="9" mi="1" ci="0" mb="0" cb="0"/>
            <line nr="11" mi="4" ci="0" mb="0" cb="0"/>
            <line nr="12" mi="1" ci="0" mb="0" cb="0"/>
            <line nr="14" mi="3" ci="0" mb="0" cb="0"/>
            <line nr="17" mi="2" ci="0" mb="0" cb="0"/>
            <line nr="18" mi="2" ci="0" mb="0" cb="0"/>
            <line nr="19" mi="4" ci="0" mb="0" cb="0"/>
            <line nr="20" mi="12" ci="0" mb="0" cb="0"/>
            <line nr="21" mi="9" ci="0" mb="0" cb="0"/>
            <line nr="23" mi="3" ci="0" mb="2" cb="0"/>
            <line nr="24" mi="2" ci="0" mb="0" cb="0"/>
            <line nr="25" mi="4" ci="0" mb="0" cb="0"/>
            <line nr="27" mi="4" ci="0" mb="0" cb="0"/>
            <line nr="29" mi="1" ci="0" mb="0" cb="0"/>
            <line nr="31" mi="9" ci="0" mb="4" cb="0"/>
            <line nr="32" mi="1" ci="0" mb="0" cb="0"/>
            <line nr="34" mi="25" ci="0" mb="0" cb="0"/>
            <line nr="35" mi="4" ci="0" mb="0" cb="0"/>
            <line nr="36" mi="1" ci="0" mb="0" cb="0"/>
            <line nr="38" mi="14" ci="0" mb="0" cb="0"/>
            <line nr="39" mi="14" ci="0" mb="0" cb="0"/>
            <line nr="40" mi="2" ci="0" mb="0" cb="0"/>
            <line nr="44" mi="2" ci="0" mb="0" cb="0"/>
            <line nr="45" mi="4" ci="0" mb="4" cb="0"/>
            <line nr="47" mi="4" ci="0" mb="0" cb="0"/>
            <line nr="48" mi="4" ci="0" mb="2" cb="0"/>
            <line nr="49" mi="11" ci="0" mb="0" cb="0"/>
            <line nr="52" mi="8" ci="0" mb="0" cb="0"/>
            <line nr="53" mi="1" ci="0" mb="0" cb="0"/>
            <line nr="55" mi="4" ci="0" mb="0" cb="0"/>
            <line nr="56" mi="4" ci="0" mb="2" cb="0"/>
            <line nr="57" mi="10" ci="0" mb="0" cb="0"/>
            <line nr="60" mi="2" ci="0" mb="0" cb="0"/>
            <counter type="INSTRUCTION" missed="186" covered="0"/>
            <counter type="BRANCH" missed="14" covered="0"/>
            <counter type="LINE" missed="36" covered="0"/>
            <counter type="COMPLEXITY" missed="13" covered="0"/>
            <counter type="METHOD" missed="5" covered="0"/>
            <counter type="CLASS" missed="1" covered="0"/>
        </sourcefile>
        <sourcefile name="Program.java">
            <line nr="8" mi="3" ci="0" mb="0" cb="0"/>
            <line nr="18" mi="3" ci="0" mb="0" cb="0"/>
            <line nr="19" mi="6" ci="0" mb="0" cb="0"/>
            <line nr="20" mi="6" ci="0" mb="0" cb="0"/>
            <line nr="21" mi="6" ci="0" mb="0" cb="0"/>
            <line nr="22" mi="6" ci="0" mb="0" cb="0"/>
            <line nr="23" mi="5" ci="0" mb="0" cb="0"/>
            <line nr="24" mi="6" ci="0" mb="0" cb="0"/>
            <line nr="25" mi="3" ci="0" mb="0" cb="0"/>
            <line nr="26" mi="3" ci="0" mb="0" cb="0"/>
            <line nr="27" mi="3" ci="0" mb="0" cb="0"/>
            <line nr="28" mi="1" ci="0" mb="0" cb="0"/>
            <counter type="INSTRUCTION" missed="51" covered="0"/>
            <counter type="LINE" missed="12" covered="0"/>
            <counter type="COMPLEXITY" missed="2" covered="0"/>
            <counter type="METHOD" missed="2" covered="0"/>
            <counter type="CLASS" missed="1" covered="0"/>
        </sourcefile>
        <counter type="INSTRUCTION" missed="271" covered="0"/>
        <counter type="BRANCH" missed="14" covered="0"/>
        <counter type="LINE" missed="62" covered="0"/>
        <counter type="COMPLEXITY" missed="22" covered="0"/>
        <counter type="METHOD" missed="14" covered="0"/>
        <counter type="CLASS" missed="4" covered="0"/>
    </package>
    <counter type="INSTRUCTION" missed="271" covered="0"/>
    <counter type="BRANCH" missed="14" covered="0"/>
    <counter type="LINE" missed="62" covered="0"/>
    <counter type="COMPLEXITY" missed="22" covered="0"/>
    <counter type="METHOD" missed="14" covered="0"/>
    <counter type="CLASS" missed="4" covered="0"/>
</report>